<?xml version="1.0" encoding="UTF-8"?>
<!-- Generated by org.testng.reporters.JUnitReportReporter -->
<testsuite hostname="LAPTOP-S0IS0QVR" failures="0" tests="1" name="PP.First" time="0.010" errors="0" timestamp="2022-06-14T10:32:07 IST" skipped="0">
  <testcase classname="PP.First" name="f" time="0.010"/>
  <system-out/>
</testsuite> <!-- PP.First -->
